<?xml version="1.0" encoding="UTF-8"?>
<!-- Generated by org.testng.reporters.JUnitXMLReporter -->
<testsuite hostname="dengsh" name="Default test" tests="2" failures="0" timestamp="14 Sep 2015 08:37:56 GMT" time="11.658" errors="0">
  <testcase name="testUserInfo" time="9.559" classname="com.kkb.test.steps.pc.gxb.personcenter.ModifyUserInfoStep"/>
  <testcase name="testAvatars" time="2.062" classname="com.kkb.test.steps.pc.gxb.personcenter.ModifyUserInfoStep"/>
</testsuite> <!-- Default test -->
