<?xml version="1.0" encoding="UTF-8"?>
<!-- Generated by org.testng.reporters.JUnitXMLReporter -->
<testsuite hostname="dengsh" name="Test" tests="2" failures="1" timestamp="14 Sep 2015 10:56:42 GMT" time="7.299" errors="0">
  <testcase name="testUserInfo" time="6.433" classname="com.kkb.test.steps.pc.gxb.personcenter.ModifyUserInfoStep"/>
  <testcase name="testAvatars" time="0.54" classname="com.kkb.test.steps.pc.gxb.personcenter.ModifyUserInfoStep">
    <failure type="java.lang.AssertionError" message="testCurrencyAdd  failed  &amp;gt;&amp;gt; null">
      <![CDATA[java.lang.AssertionError: testCurrencyAdd  failed  >> null
	at com.kkb.test.steps.pc.gxb.personcenter.ModifyUserInfoStep.testAvatars(ModifyUserInfoStep.java:63)
	at java.util.concurrent.FutureTask.run(FutureTask.java:266)
	at java.util.concurrent.ThreadPoolExecutor.runWorker(ThreadPoolExecutor.java:1142)
	at java.util.concurrent.ThreadPoolExecutor$Worker.run(ThreadPoolExecutor.java:617)
	at java.lang.Thread.run(Thread.java:745)
... Removed 17 stack frames]]>
    </failure>
  </testcase> <!-- testAvatars -->
</testsuite> <!-- Test -->
