<?xml version="1.0" encoding="UTF-8"?>
<testng-results skipped="0" failed="0" total="1" passed="1">
  <reporter-output>
  </reporter-output>
  <suite name="Default suite" duration-ms="56" started-at="2015-09-13T14:40:23Z" finished-at="2015-09-13T14:40:23Z">
    <groups>
    </groups>
    <test name="Default test" duration-ms="56" started-at="2015-09-13T14:40:23Z" finished-at="2015-09-13T14:40:23Z">
      <class name="com.kkb.test.steps.pc.gxb.LoginStep">
        <test-method status="PASS" signature="beforeSuite()[pri:0, instance:com.kkb.test.steps.pc.gxb.LoginStep@11c20519]" name="beforeSuite" is-config="true" duration-ms="23700" started-at="2015-09-13T22:39:59Z" finished-at="2015-09-13T22:40:23Z">
          <reporter-output>
          </reporter-output>
        </test-method> <!-- beforeSuite -->
        <test-method status="PASS" signature="beforeTest()[pri:0, instance:com.kkb.test.steps.pc.gxb.LoginStep@11c20519]" name="beforeTest" is-config="true" duration-ms="0" started-at="2015-09-13T22:40:23Z" finished-at="2015-09-13T22:40:23Z">
          <reporter-output>
          </reporter-output>
        </test-method> <!-- beforeTest -->
        <test-method status="PASS" signature="beforeClass()[pri:0, instance:com.kkb.test.steps.pc.gxb.LoginStep@11c20519]" name="beforeClass" is-config="true" duration-ms="0" started-at="2015-09-13T22:40:23Z" finished-at="2015-09-13T22:40:23Z">
          <reporter-output>
          </reporter-output>
        </test-method> <!-- beforeClass -->
        <test-method status="PASS" signature="beforeMethod()[pri:0, instance:com.kkb.test.steps.pc.gxb.LoginStep@11c20519]" name="beforeMethod" is-config="true" duration-ms="1" started-at="2015-09-13T22:40:23Z" finished-at="2015-09-13T22:40:23Z">
          <reporter-output>
          </reporter-output>
        </test-method> <!-- beforeMethod -->
        <test-method status="PASS" signature="test()[pri:0, instance:com.kkb.test.steps.pc.gxb.LoginStep@11c20519]" name="test" duration-ms="11" started-at="2015-09-13T22:40:23Z" finished-at="2015-09-13T22:40:23Z">
          <reporter-output>
          </reporter-output>
        </test-method> <!-- test -->
        <test-method status="PASS" signature="afterMethod()[pri:0, instance:com.kkb.test.steps.pc.gxb.LoginStep@11c20519]" name="afterMethod" is-config="true" duration-ms="0" started-at="2015-09-13T22:40:23Z" finished-at="2015-09-13T22:40:23Z">
          <reporter-output>
          </reporter-output>
        </test-method> <!-- afterMethod -->
        <test-method status="PASS" signature="afterClass()[pri:0, instance:com.kkb.test.steps.pc.gxb.LoginStep@11c20519]" name="afterClass" is-config="true" duration-ms="3" started-at="2015-09-13T22:40:23Z" finished-at="2015-09-13T22:40:23Z">
          <reporter-output>
          </reporter-output>
        </test-method> <!-- afterClass -->
        <test-method status="PASS" signature="afterTest()[pri:0, instance:com.kkb.test.steps.pc.gxb.LoginStep@11c20519]" name="afterTest" is-config="true" duration-ms="1" started-at="2015-09-13T22:40:23Z" finished-at="2015-09-13T22:40:23Z">
          <reporter-output>
          </reporter-output>
        </test-method> <!-- afterTest -->
        <test-method status="PASS" signature="afterSuite()[pri:0, instance:com.kkb.test.steps.pc.gxb.LoginStep@11c20519]" name="afterSuite" is-config="true" duration-ms="261" started-at="2015-09-13T22:40:23Z" finished-at="2015-09-13T22:40:23Z">
          <reporter-output>
          </reporter-output>
        </test-method> <!-- afterSuite -->
      </class> <!-- com.kkb.test.steps.pc.gxb.LoginStep -->
    </test> <!-- Default test -->
  </suite> <!-- Default suite -->
</testng-results>
